[0;93m2025-07-24 18:47:05.679117443 [W:onnxruntime:, session_state.cc:1280 VerifyEachNodeIsAssignedToAnEp] Some nodes were not assigned to the preferred execution providers which may or may not have an negative impact on performance. e.g. ORT explicitly assigns shape related ops to CPU to improve perf.[m
[0;93m2025-07-24 18:47:05.679197552 [W:onnxruntime:, session_state.cc:1282 VerifyEachNodeIsAssignedToAnEp] Rerunning with verbose output on a non-minimal build will show node assignments.[m
[0;93m2025-07-24 18:47:05.992110353 [W:onnxruntime:, session_state.cc:1280 VerifyEachNodeIsAssignedToAnEp] Some nodes were not assigned to the preferred execution providers which may or may not have an negative impact on performance. e.g. ORT explicitly assigns shape related ops to CPU to improve perf.[m
[0;93m2025-07-24 18:47:05.992181726 [W:onnxruntime:, session_state.cc:1282 VerifyEachNodeIsAssignedToAnEp] Rerunning with verbose output on a non-minimal build will show node assignments.[m
[0;93m2025-07-24 18:47:06.215950048 [W:onnxruntime:, session_state.cc:1280 VerifyEachNodeIsAssignedToAnEp] Some nodes were not assigned to the preferred execution providers which may or may not have an negative impact on performance. e.g. ORT explicitly assigns shape related ops to CPU to improve perf.[m
[0;93m2025-07-24 18:47:06.215997086 [W:onnxruntime:, session_state.cc:1282 VerifyEachNodeIsAssignedToAnEp] Rerunning with verbose output on a non-minimal build will show node assignments.[m
[0;93m2025-07-24 18:47:07.457435671 [W:onnxruntime:, session_state.cc:1280 VerifyEachNodeIsAssignedToAnEp] Some nodes were not assigned to the preferred execution providers which may or may not have an negative impact on performance. e.g. ORT explicitly assigns shape related ops to CPU to improve perf.[m
[0;93m2025-07-24 18:47:07.457494901 [W:onnxruntime:, session_state.cc:1282 VerifyEachNodeIsAssignedToAnEp] Rerunning with verbose output on a non-minimal build will show node assignments.[m
[0;93m2025-07-24 18:47:07.838509099 [W:onnxruntime:, session_state.cc:1280 VerifyEachNodeIsAssignedToAnEp] Some nodes were not assigned to the preferred execution providers which may or may not have an negative impact on performance. e.g. ORT explicitly assigns shape related ops to CPU to improve perf.[m
[0;93m2025-07-24 18:47:07.838556357 [W:onnxruntime:, session_state.cc:1282 VerifyEachNodeIsAssignedToAnEp] Rerunning with verbose output on a non-minimal build will show node assignments.[m
[0;93m2025-07-24 18:47:08.653419515 [W:onnxruntime:, session_state.cc:1280 VerifyEachNodeIsAssignedToAnEp] Some nodes were not assigned to the preferred execution providers which may or may not have an negative impact on performance. e.g. ORT explicitly assigns shape related ops to CPU to improve perf.[m
[0;93m2025-07-24 18:47:08.653479107 [W:onnxruntime:, session_state.cc:1282 VerifyEachNodeIsAssignedToAnEp] Rerunning with verbose output on a non-minimal build will show node assignments.[m
[0;93m2025-07-24 18:47:08.668449319 [W:onnxruntime:, session_state.cc:1280 VerifyEachNodeIsAssignedToAnEp] Some nodes were not assigned to the preferred execution providers which may or may not have an negative impact on performance. e.g. ORT explicitly assigns shape related ops to CPU to improve perf.[m
[0;93m2025-07-24 18:47:08.668505293 [W:onnxruntime:, session_state.cc:1282 VerifyEachNodeIsAssignedToAnEp] Rerunning with verbose output on a non-minimal build will show node assignments.[m
[0;93m2025-07-24 18:47:09.098659904 [W:onnxruntime:, session_state.cc:1280 VerifyEachNodeIsAssignedToAnEp] Some nodes were not assigned to the preferred execution providers which may or may not have an negative impact on performance. e.g. ORT explicitly assigns shape related ops to CPU to improve perf.[m
[0;93m2025-07-24 18:47:09.098714896 [W:onnxruntime:, session_state.cc:1282 VerifyEachNodeIsAssignedToAnEp] Rerunning with verbose output on a non-minimal build will show node assignments.[m
[0;93m2025-07-24 18:47:09.704598410 [W:onnxruntime:, session_state.cc:1280 VerifyEachNodeIsAssignedToAnEp] Some nodes were not assigned to the preferred execution providers which may or may not have an negative impact on performance. e.g. ORT explicitly assigns shape related ops to CPU to improve perf.[m
[0;93m2025-07-24 18:47:09.704675163 [W:onnxruntime:, session_state.cc:1282 VerifyEachNodeIsAssignedToAnEp] Rerunning with verbose output on a non-minimal build will show node assignments.[m
[0;93m2025-07-24 18:47:10.716699396 [W:onnxruntime:, session_state.cc:1280 VerifyEachNodeIsAssignedToAnEp] Some nodes were not assigned to the preferred execution providers which may or may not have an negative impact on performance. e.g. ORT explicitly assigns shape related ops to CPU to improve perf.[m
[0;93m2025-07-24 18:47:10.716770519 [W:onnxruntime:, session_state.cc:1282 VerifyEachNodeIsAssignedToAnEp] Rerunning with verbose output on a non-minimal build will show node assignments.[m
[0;93m2025-07-24 18:47:11.768094208 [W:onnxruntime:, session_state.cc:1280 VerifyEachNodeIsAssignedToAnEp] Some nodes were not assigned to the preferred execution providers which may or may not have an negative impact on performance. e.g. ORT explicitly assigns shape related ops to CPU to improve perf.[m
[0;93m2025-07-24 18:47:11.768148519 [W:onnxruntime:, session_state.cc:1282 VerifyEachNodeIsAssignedToAnEp] Rerunning with verbose output on a non-minimal build will show node assignments.[m
[0;93m2025-07-24 18:47:12.071286763 [W:onnxruntime:, session_state.cc:1280 VerifyEachNodeIsAssignedToAnEp] Some nodes were not assigned to the preferred execution providers which may or may not have an negative impact on performance. e.g. ORT explicitly assigns shape related ops to CPU to improve perf.[m
[0;93m2025-07-24 18:47:12.071350121 [W:onnxruntime:, session_state.cc:1282 VerifyEachNodeIsAssignedToAnEp] Rerunning with verbose output on a non-minimal build will show node assignments.[m
[0;93m2025-07-24 18:47:16.372597545 [W:onnxruntime:, transformer_memcpy.cc:83 ApplyImpl] 2 Memcpy nodes are added to the graph main_graph for CUDAExecutionProvider. It might have negative impact on performance (including unable to run CUDA graph). Set session_options.log_severity_level=1 to see the detail logs before this message.[m
[0;93m2025-07-24 18:47:16.373539275 [W:onnxruntime:, session_state.cc:1280 VerifyEachNodeIsAssignedToAnEp] Some nodes were not assigned to the preferred execution providers which may or may not have an negative impact on performance. e.g. ORT explicitly assigns shape related ops to CPU to improve perf.[m
[0;93m2025-07-24 18:47:16.373559132 [W:onnxruntime:, session_state.cc:1282 VerifyEachNodeIsAssignedToAnEp] Rerunning with verbose output on a non-minimal build will show node assignments.[m
[0;93m2025-07-24 18:47:16.640426054 [W:onnxruntime:, transformer_memcpy.cc:83 ApplyImpl] 2 Memcpy nodes are added to the graph main_graph for CUDAExecutionProvider. It might have negative impact on performance (including unable to run CUDA graph). Set session_options.log_severity_level=1 to see the detail logs before this message.[m
[0;93m2025-07-24 18:47:16.641363717 [W:onnxruntime:, session_state.cc:1280 VerifyEachNodeIsAssignedToAnEp] Some nodes were not assigned to the preferred execution providers which may or may not have an negative impact on performance. e.g. ORT explicitly assigns shape related ops to CPU to improve perf.[m
[0;93m2025-07-24 18:47:16.641381991 [W:onnxruntime:, session_state.cc:1282 VerifyEachNodeIsAssignedToAnEp] Rerunning with verbose output on a non-minimal build will show node assignments.[m
[0;93m2025-07-24 18:47:16.954697374 [W:onnxruntime:, transformer_memcpy.cc:83 ApplyImpl] 2 Memcpy nodes are added to the graph main_graph for CUDAExecutionProvider. It might have negative impact on performance (including unable to run CUDA graph). Set session_options.log_severity_level=1 to see the detail logs before this message.[m
[0;93m2025-07-24 18:47:16.955929628 [W:onnxruntime:, session_state.cc:1280 VerifyEachNodeIsAssignedToAnEp] Some nodes were not assigned to the preferred execution providers which may or may not have an negative impact on performance. e.g. ORT explicitly assigns shape related ops to CPU to improve perf.[m
[0;93m2025-07-24 18:47:16.956658310 [W:onnxruntime:, session_state.cc:1282 VerifyEachNodeIsAssignedToAnEp] Rerunning with verbose output on a non-minimal build will show node assignments.[m
[0;93m2025-07-24 18:47:17.248794592 [W:onnxruntime:, transformer_memcpy.cc:83 ApplyImpl] 2 Memcpy nodes are added to the graph main_graph for CUDAExecutionProvider. It might have negative impact on performance (including unable to run CUDA graph). Set session_options.log_severity_level=1 to see the detail logs before this message.[m
[0;93m2025-07-24 18:47:17.249787468 [W:onnxruntime:, session_state.cc:1280 VerifyEachNodeIsAssignedToAnEp] Some nodes were not assigned to the preferred execution providers which may or may not have an negative impact on performance. e.g. ORT explicitly assigns shape related ops to CPU to improve perf.[m
[0;93m2025-07-24 18:47:17.249818957 [W:onnxruntime:, session_state.cc:1282 VerifyEachNodeIsAssignedToAnEp] Rerunning with verbose output on a non-minimal build will show node assignments.[m
[0;93m2025-07-24 18:47:17.477503307 [W:onnxruntime:, transformer_memcpy.cc:83 ApplyImpl] 2 Memcpy nodes are added to the graph main_graph for CUDAExecutionProvider. It might have negative impact on performance (including unable to run CUDA graph). Set session_options.log_severity_level=1 to see the detail logs before this message.[m
[0;93m2025-07-24 18:47:17.479099392 [W:onnxruntime:, session_state.cc:1280 VerifyEachNodeIsAssignedToAnEp] Some nodes were not assigned to the preferred execution providers which may or may not have an negative impact on performance. e.g. ORT explicitly assigns shape related ops to CPU to improve perf.[m
[0;93m2025-07-24 18:47:17.479118979 [W:onnxruntime:, session_state.cc:1282 VerifyEachNodeIsAssignedToAnEp] Rerunning with verbose output on a non-minimal build will show node assignments.[m
[0;93m2025-07-24 18:47:17.593016691 [W:onnxruntime:, transformer_memcpy.cc:83 ApplyImpl] 2 Memcpy nodes are added to the graph main_graph for CUDAExecutionProvider. It might have negative impact on performance (including unable to run CUDA graph). Set session_options.log_severity_level=1 to see the detail logs before this message.[m
[0;93m2025-07-24 18:47:17.594650446 [W:onnxruntime:, session_state.cc:1280 VerifyEachNodeIsAssignedToAnEp] Some nodes were not assigned to the preferred execution providers which may or may not have an negative impact on performance. e.g. ORT explicitly assigns shape related ops to CPU to improve perf.[m
[0;93m2025-07-24 18:47:17.594670303 [W:onnxruntime:, session_state.cc:1282 VerifyEachNodeIsAssignedToAnEp] Rerunning with verbose output on a non-minimal build will show node assignments.[m
[0;93m2025-07-24 18:47:17.713406981 [W:onnxruntime:, transformer_memcpy.cc:83 ApplyImpl] 2 Memcpy nodes are added to the graph main_graph for CUDAExecutionProvider. It might have negative impact on performance (including unable to run CUDA graph). Set session_options.log_severity_level=1 to see the detail logs before this message.[m
[0;93m2025-07-24 18:47:17.714747809 [W:onnxruntime:, session_state.cc:1280 VerifyEachNodeIsAssignedToAnEp] Some nodes were not assigned to the preferred execution providers which may or may not have an negative impact on performance. e.g. ORT explicitly assigns shape related ops to CPU to improve perf.[m
[0;93m2025-07-24 18:47:17.714764590 [W:onnxruntime:, session_state.cc:1282 VerifyEachNodeIsAssignedToAnEp] Rerunning with verbose output on a non-minimal build will show node assignments.[m
[0;93m2025-07-24 18:47:17.780291754 [W:onnxruntime:, transformer_memcpy.cc:83 ApplyImpl] 2 Memcpy nodes are added to the graph main_graph for CUDAExecutionProvider. It might have negative impact on performance (including unable to run CUDA graph). Set session_options.log_severity_level=1 to see the detail logs before this message.[m
[0;93m2025-07-24 18:47:17.781641498 [W:onnxruntime:, session_state.cc:1280 VerifyEachNodeIsAssignedToAnEp] Some nodes were not assigned to the preferred execution providers which may or may not have an negative impact on performance. e.g. ORT explicitly assigns shape related ops to CPU to improve perf.[m
[0;93m2025-07-24 18:47:17.781675662 [W:onnxruntime:, session_state.cc:1282 VerifyEachNodeIsAssignedToAnEp] Rerunning with verbose output on a non-minimal build will show node assignments.[m
Building prefix dict from the default dictionary ...
Loading model from cache /tmp/jieba.cache
Loading model cost 0.546 seconds.
Prefix dict has been built successfully.
INFO:     Started server process [3796561]
INFO:     Waiting for application startup.
INFO:     Application startup complete.
INFO:     Uvicorn running on http://0.0.0.0:9031 (Press CTRL+C to quit)
[START] --> Worker-0
[READY] --> Worker-0
[START] --> Worker-1
[READY] --> Worker-1
[START] --> Worker-2
[READY] --> Worker-2
[START] --> Worker-3
[READY] --> Worker-3
[INFO] Engine started successfully.
å¼€å§‹è¿›ç¨‹:0
å¼€å§‹è¿›ç¨‹:1
å¼€å§‹è¿›ç¨‹:2
å¼€å§‹è¿›ç¨‹:3
åŠ è½½å®Œæ¯•
åŠ è½½å®Œæ¯•
é¢„çƒ­å¼€å§‹
é¢„çƒ­å¼€å§‹
åŠ è½½å®Œæ¯•
åŠ è½½å®Œæ¯•
é¢„çƒ­å¼€å§‹
é¢„çƒ­å¼€å§‹
é¢„çƒ­ç»“æŸ
å®Œæˆæ¨¡åž‹åŠ è½½
é¢„çƒ­ç»“æŸ
å®Œæˆæ¨¡åž‹åŠ è½½
é¢„çƒ­ç»“æŸ
å®Œæˆæ¨¡åž‹åŠ è½½
é¢„çƒ­ç»“æŸ
å®Œæˆæ¨¡åž‹åŠ è½½
[START]: _backend_aggregation
[START]: _backend_summary
å¯åŠ¨æˆåŠŸ
[START] --> Worker-0
[START] --> Worker-1
[START] --> Worker-2
[START] --> Worker-3
åˆå§‹åŒ–æˆåŠŸ
[READY] --> Worker-0
åˆå§‹åŒ–æˆåŠŸ
[READY] --> Worker-1
åˆå§‹åŒ–æˆåŠŸ
[READY] --> Worker-2
åˆå§‹åŒ–æˆåŠŸ
[READY] --> Worker-3
[INFO] Engine started successfully.
[START] --> Worker-0
[START] --> Worker-1
[START] --> Worker-2
[START] --> Worker-3
[READY] --> Worker-0
[READY] --> Worker-1
[READY] --> Worker-2
[READY] --> Worker-3
[INFO] Engine started successfully.
[START] --> Worker-0
[START] --> Worker-1
[START] --> Worker-2
[START] --> Worker-3
[READY] --> Worker-2
[READY] --> Worker-3
[READY] --> Worker-0
[READY] --> Worker-1
[INFO] Engine started successfully.
INFO:     120.26.127.25:44874 - "POST /register/ HTTP/1.0" 200 OK
